<?xml version="1.0" encoding="UTF-8"?>
<testng-results skipped="0" failed="0" total="3" passed="3">
  <reporter-output>
  </reporter-output>
  <suite name="parallel Suites" duration-ms="41240" started-at="2014-11-21T02:47:01Z" finished-at="2014-11-21T02:47:42Z">
    <groups>
    </groups>
    <test name="Test" duration-ms="41240" started-at="2014-11-21T02:47:01Z" finished-at="2014-11-21T02:47:42Z">
      <class name="abcpack.LinksDemo">
        <test-method status="PASS" signature="setUp(java.lang.String)[pri:0, instance:abcpack.LinksDemo@127a1d8]" name="setUp" is-config="true" duration-ms="3790" started-at="2014-11-21T08:17:01Z" finished-at="2014-11-21T08:17:05Z">
          <params>
            <param index="0">
              <value>
                <![CDATA[GC]]>
              </value>
            </param>
          </params>
          <reporter-output>
          </reporter-output>
        </test-method> <!-- setUp -->
        <test-method status="PASS" signature="testLinks()[pri:0, instance:abcpack.LinksDemo@127a1d8]" name="testLinks" duration-ms="10859" started-at="2014-11-21T08:17:05Z" finished-at="2014-11-21T08:17:16Z">
          <reporter-output>
          </reporter-output>
        </test-method> <!-- testLinks -->
        <test-method status="PASS" signature="tearDown()[pri:0, instance:abcpack.LinksDemo@127a1d8]" name="tearDown" is-config="true" duration-ms="1301" started-at="2014-11-21T08:17:16Z" finished-at="2014-11-21T08:17:17Z">
          <reporter-output>
          </reporter-output>
        </test-method> <!-- tearDown -->
      </class> <!-- abcpack.LinksDemo -->
      <class name="abcpack.WebTableDemo">
        <test-method status="PASS" signature="setUp(java.lang.String)[pri:0, instance:abcpack.WebTableDemo@ca1a93]" name="setUp" is-config="true" duration-ms="4078" started-at="2014-11-21T08:17:17Z" finished-at="2014-11-21T08:17:21Z">
          <params>
            <param index="0">
              <value>
                <![CDATA[GC]]>
              </value>
            </param>
          </params>
          <reporter-output>
          </reporter-output>
        </test-method> <!-- setUp -->
        <test-method status="PASS" signature="dynamicTable()[pri:0, instance:abcpack.WebTableDemo@ca1a93]" name="dynamicTable" duration-ms="7973" started-at="2014-11-21T08:17:21Z" finished-at="2014-11-21T08:17:29Z">
          <reporter-output>
          </reporter-output>
        </test-method> <!-- dynamicTable -->
        <test-method status="PASS" signature="tearDown()[pri:0, instance:abcpack.WebTableDemo@ca1a93]" name="tearDown" is-config="true" duration-ms="1304" started-at="2014-11-21T08:17:29Z" finished-at="2014-11-21T08:17:30Z">
          <reporter-output>
          </reporter-output>
        </test-method> <!-- tearDown -->
      </class> <!-- abcpack.WebTableDemo -->
      <class name="abcpack.WebElementsDemo">
        <test-method status="PASS" signature="setUp(java.lang.String)[pri:0, instance:abcpack.WebElementsDemo@5e6c89]" name="setUp" is-config="true" duration-ms="3076" started-at="2014-11-21T08:17:30Z" finished-at="2014-11-21T08:17:33Z">
          <params>
            <param index="0">
              <value>
                <![CDATA[GC]]>
              </value>
            </param>
          </params>
          <reporter-output>
          </reporter-output>
        </test-method> <!-- setUp -->
        <test-method status="PASS" signature="testWebElements()[pri:0, instance:abcpack.WebElementsDemo@5e6c89]" name="testWebElements" duration-ms="7423" started-at="2014-11-21T08:17:33Z" finished-at="2014-11-21T08:17:41Z">
          <reporter-output>
          </reporter-output>
        </test-method> <!-- testWebElements -->
        <test-method status="PASS" signature="tearDown()[pri:0, instance:abcpack.WebElementsDemo@5e6c89]" name="tearDown" is-config="true" duration-ms="1415" started-at="2014-11-21T08:17:41Z" finished-at="2014-11-21T08:17:42Z">
          <reporter-output>
          </reporter-output>
        </test-method> <!-- tearDown -->
      </class> <!-- abcpack.WebElementsDemo -->
    </test> <!-- Test -->
  </suite> <!-- parallel Suites -->
</testng-results>
